# JRE version: OpenJDK Runtime Environment (11.0.11+9) (build 11.0.11+9-b60-7590822)
# Java VM: OpenJDK 64-Bit Server VM (11.0.11+9-b60-7590822, mixed mode, tiered, compressed oops, g1 gc, windows-amd64)
Heap:
 garbage-first heap   total 569344K, used 362137K [0x0000000080000000, 0x0000000100000000)
  region size 1024K, 149 young (152576K), 9 survivors (9216K)
 Metaspace       used 139971K, capacity 144109K, committed 145152K, reserved 1175552K
  class space    used 17339K, capacity 18855K, committed 19200K, reserved 1048576K
GC Heap History (20 events):
Event: 1357.356 GC heap before
{Heap before GC invocations=97 (full 0):
 garbage-first heap   total 284672K, used 236671K [0x0000000080000000, 0x0000000100000000)
  region size 1024K, 13 young (13312K), 3 survivors (3072K)
 Metaspace       used 138157K, capacity 142281K, committed 143616K, reserved 1173504K
  class space    used 17225K, capacity 18730K, committed 19200K, reserved 1048576K
}
Event: 1357.366 GC heap after
{Heap after GC invocations=98 (full 0):
 garbage-first heap   total 284672K, used 201864K [0x0000000080000000, 0x0000000100000000)
  region size 1024K, 2 young (2048K), 2 survivors (2048K)
 Metaspace       used 138157K, capacity 142281K, committed 143616K, reserved 1173504K
  class space    used 17225K, capacity 18730K, committed 19200K, reserved 1048576K
}
Event: 1357.423 GC heap before
{Heap before GC invocations=98 (full 0):
 garbage-first heap   total 284672K, used 213128K [0x0000000080000000, 0x0000000100000000)
  region size 1024K, 13 young (13312K), 2 survivors (2048K)
 Metaspace       used 138219K, capacity 142294K, committed 143616K, reserved 1173504K
  class space    used 17225K, capacity 18731K, committed 19200K, reserved 1048576K
}
Event: 1357.439 GC heap after
{Heap after GC invocations=99 (full 0):
 garbage-first heap   total 284672K, used 188015K [0x0000000080000000, 0x0000000100000000)
  region size 1024K, 2 young (2048K), 2 survivors (2048K)
 Metaspace       used 138219K, capacity 142294K, committed 143616K, reserved 1173504K
  class space    used 17225K, capacity 18731K, committed 19200K, reserved 1048576K
}
Event: 1357.566 GC heap before
{Heap before GC invocations=99 (full 0):
 garbage-first heap   total 284672K, used 217711K [0x0000000080000000, 0x0000000100000000)
  region size 1024K, 31 young (31744K), 2 survivors (2048K)
 Metaspace       used 138339K, capacity 142437K, committed 143616K, reserved 1173504K
  class space    used 17228K, capacity 18734K, committed 19200K, reserved 1048576K
}
Event: 1357.590 GC heap after
{Heap after GC invocations=100 (full 0):
 garbage-first heap   total 569344K, used 192512K [0x0000000080000000, 0x0000000100000000)
  region size 1024K, 4 young (4096K), 4 survivors (4096K)
 Metaspace       used 138339K, capacity 142437K, committed 143616K, reserved 1173504K
  class space    used 17228K, capacity 18734K, committed 19200K, reserved 1048576K
}
Event: 1358.046 GC heap before
{Heap before GC invocations=100 (full 0):
 garbage-first heap   total 569344K, used 311296K [0x0000000080000000, 0x0000000100000000)
  region size 1024K, 120 young (122880K), 4 survivors (4096K)
 Metaspace       used 138642K, capacity 142732K, committed 143872K, reserved 1173504K
  class space    used 17237K, capacity 18742K, committed 19200K, reserved 1048576K
}
Event: 1358.071 GC heap after
{Heap after GC invocations=101 (full 0):
 garbage-first heap   total 569344K, used 210272K [0x0000000080000000, 0x0000000100000000)
  region size 1024K, 15 young (15360K), 15 survivors (15360K)
 Metaspace       used 138642K, capacity 142732K, committed 143872K, reserved 1173504K
  class space    used 17237K, capacity 18742K, committed 19200K, reserved 1048576K
}
Event: 1358.610 GC heap before
{Heap before GC invocations=101 (full 0):
 garbage-first heap   total 569344K, used 337248K [0x0000000080000000, 0x0000000100000000)
  region size 1024K, 139 young (142336K), 15 survivors (15360K)
 Metaspace       used 139075K, capacity 143154K, committed 144384K, reserved 1175552K
  class space    used 17303K, capacity 18795K, committed 19200K, reserved 1048576K
}
Event: 1358.630 GC heap after
{Heap after GC invocations=102 (full 0):
 garbage-first heap   total 569344K, used 214271K [0x0000000080000000, 0x0000000100000000)
  region size 1024K, 4 young (4096K), 4 survivors (4096K)
 Metaspace       used 139075K, capacity 143154K, committed 144384K, reserved 1175552K
  class space    used 17303K, capacity 18795K, committed 19200K, reserved 1048576K
}
Event: 1359.181 GC heap before
{Heap before GC invocations=102 (full 0):
 garbage-first heap   total 569344K, used 353535K [0x0000000080000000, 0x0000000100000000)
  region size 1024K, 140 young (143360K), 4 survivors (4096K)
 Metaspace       used 139385K, capacity 143502K, committed 144640K, reserved 1175552K
  class space    used 17305K, capacity 18799K, committed 19200K, reserved 1048576K
}
Event: 1359.189 GC heap after
{Heap after GC invocations=103 (full 0):
 garbage-first heap   total 569344K, used 214681K [0x0000000080000000, 0x0000000100000000)
  region size 1024K, 4 young (4096K), 4 survivors (4096K)
 Metaspace       used 139385K, capacity 143502K, committed 144640K, reserved 1175552K
  class space    used 17305K, capacity 18799K, committed 19200K, reserved 1048576K
}
Event: 1359.840 GC heap before
{Heap before GC invocations=103 (full 0):
 garbage-first heap   total 569344K, used 395929K [0x0000000080000000, 0x0000000100000000)
  region size 1024K, 181 young (185344K), 4 survivors (4096K)
 Metaspace       used 139585K, capacity 143688K, committed 144640K, reserved 1175552K
  class space    used 17325K, capacity 18836K, committed 19200K, reserved 1048576K
}
Event: 1359.849 GC heap after
{Heap after GC invocations=104 (full 0):
 garbage-first heap   total 569344K, used 216388K [0x0000000080000000, 0x0000000100000000)
  region size 1024K, 6 young (6144K), 6 survivors (6144K)
 Metaspace       used 139585K, capacity 143688K, committed 144640K, reserved 1175552K
  class space    used 17325K, capacity 18836K, committed 19200K, reserved 1048576K
}
Event: 1360.677 GC heap before
{Heap before GC invocations=104 (full 0):
 garbage-first heap   total 569344K, used 410948K [0x0000000080000000, 0x0000000100000000)
  region size 1024K, 196 young (200704K), 6 survivors (6144K)
 Metaspace       used 139874K, capacity 143954K, committed 144896K, reserved 1175552K
  class space    used 17332K, capacity 18847K, committed 19200K, reserved 1048576K
}
Event: 1360.687 GC heap after
{Heap after GC invocations=105 (full 0):
 garbage-first heap   total 569344K, used 215956K [0x0000000080000000, 0x0000000100000000)
  region size 1024K, 6 young (6144K), 6 survivors (6144K)
 Metaspace       used 139874K, capacity 143954K, committed 144896K, reserved 1175552K
  class space    used 17332K, capacity 18847K, committed 19200K, reserved 1048576K
}
Event: 1361.713 GC heap before
{Heap before GC invocations=105 (full 0):
 garbage-first heap   total 569344K, used 449428K [0x0000000080000000, 0x0000000100000000)
  region size 1024K, 234 young (239616K), 6 survivors (6144K)
 Metaspace       used 139924K, capacity 144030K, committed 144896K, reserved 1175552K
  class space    used 17337K, capacity 18851K, committed 19200K, reserved 1048576K
}
Event: 1361.724 GC heap after
{Heap after GC invocations=106 (full 0):
 garbage-first heap   total 569344K, used 217468K [0x0000000080000000, 0x0000000100000000)
  region size 1024K, 7 young (7168K), 7 survivors (7168K)
 Metaspace       used 139924K, capacity 144030K, committed 144896K, reserved 1175552K
  class space    used 17337K, capacity 18851K, committed 19200K, reserved 1048576K
}
Event: 1362.808 GC heap before
{Heap before GC invocations=106 (full 0):
 garbage-first heap   total 569344K, used 461180K [0x0000000080000000, 0x0000000100000000)
  region size 1024K, 245 young (250880K), 7 survivors (7168K)
 Metaspace       used 139950K, capacity 144044K, committed 144896K, reserved 1175552K
  class space    used 17339K, capacity 18855K, committed 19200K, reserved 1048576K
}
Event: 1362.820 GC heap after
{Heap after GC invocations=107 (full 0):
 garbage-first heap   total 569344K, used 218777K [0x0000000080000000, 0x0000000100000000)
  region size 1024K, 8 young (8192K), 8 survivors (8192K)
 Metaspace       used 139950K, capacity 144044K, committed 144896K, reserved 1175552K
  class space    used 17339K, capacity 18855K, committed 19200K, reserved 1048576K
}

